Determining if the include file link.h exists failed with the following output:
Change Dir: /Users/dickyang/Desktop/Data/celesos.cdt/build/EosioClang-prefix/src/EosioClang-build/CMakeFiles/CMakeTmp

Run Build Command:"/usr/bin/make" "cmTC_ab760/fast"
/Applications/Xcode.app/Contents/Developer/usr/bin/make -f CMakeFiles/cmTC_ab760.dir/build.make CMakeFiles/cmTC_ab760.dir/build
Building C object CMakeFiles/cmTC_ab760.dir/CheckIncludeFile.c.o
/Applications/Xcode.app/Contents/Developer/Toolchains/XcodeDefault.xctoolchain/usr/bin/cc    -o CMakeFiles/cmTC_ab760.dir/CheckIncludeFile.c.o   -c /Users/dickyang/Desktop/Data/celesos.cdt/build/EosioClang-prefix/src/EosioClang-build/CMakeFiles/CMakeTmp/CheckIncludeFile.c
/Users/dickyang/Desktop/Data/celesos.cdt/build/EosioClang-prefix/src/EosioClang-build/CMakeFiles/CMakeTmp/CheckIncludeFile.c:1:10: fatal error: 'link.h' file not found
#include <link.h>
         ^~~~~~~~
1 error generated.
make[4]: *** [CMakeFiles/cmTC_ab760.dir/CheckIncludeFile.c.o] Error 1
make[3]: *** [cmTC_ab760/fast] Error 2


Determining if the include file malloc.h exists failed with the following output:
Change Dir: /Users/dickyang/Desktop/Data/celesos.cdt/build/EosioClang-prefix/src/EosioClang-build/CMakeFiles/CMakeTmp

Run Build Command:"/usr/bin/make" "cmTC_c599c/fast"
/Applications/Xcode.app/Contents/Developer/usr/bin/make -f CMakeFiles/cmTC_c599c.dir/build.make CMakeFiles/cmTC_c599c.dir/build
Building C object CMakeFiles/cmTC_c599c.dir/CheckIncludeFile.c.o
/Applications/Xcode.app/Contents/Developer/Toolchains/XcodeDefault.xctoolchain/usr/bin/cc    -o CMakeFiles/cmTC_c599c.dir/CheckIncludeFile.c.o   -c /Users/dickyang/Desktop/Data/celesos.cdt/build/EosioClang-prefix/src/EosioClang-build/CMakeFiles/CMakeTmp/CheckIncludeFile.c
/Users/dickyang/Desktop/Data/celesos.cdt/build/EosioClang-prefix/src/EosioClang-build/CMakeFiles/CMakeTmp/CheckIncludeFile.c:1:10: fatal error: 'malloc.h' file not found
#include <malloc.h>
         ^~~~~~~~~~
1 error generated.
make[4]: *** [CMakeFiles/cmTC_c599c.dir/CheckIncludeFile.c.o] Error 1
make[3]: *** [cmTC_c599c/fast] Error 2


Determining if the include file valgrind/valgrind.h exists failed with the following output:
Change Dir: /Users/dickyang/Desktop/Data/celesos.cdt/build/EosioClang-prefix/src/EosioClang-build/CMakeFiles/CMakeTmp

Run Build Command:"/usr/bin/make" "cmTC_ecf46/fast"
/Applications/Xcode.app/Contents/Developer/usr/bin/make -f CMakeFiles/cmTC_ecf46.dir/build.make CMakeFiles/cmTC_ecf46.dir/build
Building C object CMakeFiles/cmTC_ecf46.dir/CheckIncludeFile.c.o
/Applications/Xcode.app/Contents/Developer/Toolchains/XcodeDefault.xctoolchain/usr/bin/cc    -o CMakeFiles/cmTC_ecf46.dir/CheckIncludeFile.c.o   -c /Users/dickyang/Desktop/Data/celesos.cdt/build/EosioClang-prefix/src/EosioClang-build/CMakeFiles/CMakeTmp/CheckIncludeFile.c
/Users/dickyang/Desktop/Data/celesos.cdt/build/EosioClang-prefix/src/EosioClang-build/CMakeFiles/CMakeTmp/CheckIncludeFile.c:1:10: fatal error: 'valgrind/valgrind.h' file not found
#include <valgrind/valgrind.h>
         ^~~~~~~~~~~~~~~~~~~~~
1 error generated.
make[4]: *** [CMakeFiles/cmTC_ecf46.dir/CheckIncludeFile.c.o] Error 1
make[3]: *** [cmTC_ecf46/fast] Error 2


Determining if the include file CrashReporterClient.h exists failed with the following output:
Change Dir: /Users/dickyang/Desktop/Data/celesos.cdt/build/EosioClang-prefix/src/EosioClang-build/CMakeFiles/CMakeTmp

Run Build Command:"/usr/bin/make" "cmTC_f99e0/fast"
/Applications/Xcode.app/Contents/Developer/usr/bin/make -f CMakeFiles/cmTC_f99e0.dir/build.make CMakeFiles/cmTC_f99e0.dir/build
Building C object CMakeFiles/cmTC_f99e0.dir/CheckIncludeFile.c.o
/Applications/Xcode.app/Contents/Developer/Toolchains/XcodeDefault.xctoolchain/usr/bin/cc    -o CMakeFiles/cmTC_f99e0.dir/CheckIncludeFile.c.o   -c /Users/dickyang/Desktop/Data/celesos.cdt/build/EosioClang-prefix/src/EosioClang-build/CMakeFiles/CMakeTmp/CheckIncludeFile.c
/Users/dickyang/Desktop/Data/celesos.cdt/build/EosioClang-prefix/src/EosioClang-build/CMakeFiles/CMakeTmp/CheckIncludeFile.c:1:10: fatal error: 'CrashReporterClient.h' file not found
#include <CrashReporterClient.h>
         ^~~~~~~~~~~~~~~~~~~~~~~
1 error generated.
make[4]: *** [CMakeFiles/cmTC_f99e0.dir/CheckIncludeFile.c.o] Error 1
make[3]: *** [cmTC_f99e0/fast] Error 2


Determining if the function clock_gettime exists in the rt failed with the following output:
Change Dir: /Users/dickyang/Desktop/Data/celesos.cdt/build/EosioClang-prefix/src/EosioClang-build/CMakeFiles/CMakeTmp

Run Build Command:"/usr/bin/make" "cmTC_09b05/fast"
/Applications/Xcode.app/Contents/Developer/usr/bin/make -f CMakeFiles/cmTC_09b05.dir/build.make CMakeFiles/cmTC_09b05.dir/build
Building C object CMakeFiles/cmTC_09b05.dir/CheckFunctionExists.c.o
/Applications/Xcode.app/Contents/Developer/Toolchains/XcodeDefault.xctoolchain/usr/bin/cc   -DCHECK_FUNCTION_EXISTS=clock_gettime   -o CMakeFiles/cmTC_09b05.dir/CheckFunctionExists.c.o   -c /usr/local/Cellar/cmake/3.11.4/share/cmake/Modules/CheckFunctionExists.c
Linking C executable cmTC_09b05
/usr/local/Cellar/cmake/3.11.4/bin/cmake -E cmake_link_script CMakeFiles/cmTC_09b05.dir/link.txt --verbose=1
/Applications/Xcode.app/Contents/Developer/Toolchains/XcodeDefault.xctoolchain/usr/bin/cc  -DCHECK_FUNCTION_EXISTS=clock_gettime -Wl,-search_paths_first -Wl,-headerpad_max_install_names   CMakeFiles/cmTC_09b05.dir/CheckFunctionExists.c.o  -o cmTC_09b05 -lrt -lm 
ld: library not found for -lrt
clang: error: linker command failed with exit code 1 (use -v to see invocation)
make[4]: *** [cmTC_09b05] Error 1
make[3]: *** [cmTC_09b05/fast] Error 2


Determining if the function pfm_initialize exists in the pfm failed with the following output:
Change Dir: /Users/dickyang/Desktop/Data/celesos.cdt/build/EosioClang-prefix/src/EosioClang-build/CMakeFiles/CMakeTmp

Run Build Command:"/usr/bin/make" "cmTC_5c2e2/fast"
/Applications/Xcode.app/Contents/Developer/usr/bin/make -f CMakeFiles/cmTC_5c2e2.dir/build.make CMakeFiles/cmTC_5c2e2.dir/build
Building C object CMakeFiles/cmTC_5c2e2.dir/CheckFunctionExists.c.o
/Applications/Xcode.app/Contents/Developer/Toolchains/XcodeDefault.xctoolchain/usr/bin/cc   -DCHECK_FUNCTION_EXISTS=pfm_initialize   -o CMakeFiles/cmTC_5c2e2.dir/CheckFunctionExists.c.o   -c /usr/local/Cellar/cmake/3.11.4/share/cmake/Modules/CheckFunctionExists.c
Linking C executable cmTC_5c2e2
/usr/local/Cellar/cmake/3.11.4/bin/cmake -E cmake_link_script CMakeFiles/cmTC_5c2e2.dir/link.txt --verbose=1
/Applications/Xcode.app/Contents/Developer/Toolchains/XcodeDefault.xctoolchain/usr/bin/cc  -DCHECK_FUNCTION_EXISTS=pfm_initialize -Wl,-search_paths_first -Wl,-headerpad_max_install_names   CMakeFiles/cmTC_5c2e2.dir/CheckFunctionExists.c.o  -o cmTC_5c2e2 -lpfm -lm 
ld: library not found for -lpfm
clang: error: linker command failed with exit code 1 (use -v to see invocation)
make[4]: *** [cmTC_5c2e2] Error 1
make[3]: *** [cmTC_5c2e2/fast] Error 2


Determining if the function setupterm exists in the tinfo failed with the following output:
Change Dir: /Users/dickyang/Desktop/Data/celesos.cdt/build/EosioClang-prefix/src/EosioClang-build/CMakeFiles/CMakeTmp

Run Build Command:"/usr/bin/make" "cmTC_0c48d/fast"
/Applications/Xcode.app/Contents/Developer/usr/bin/make -f CMakeFiles/cmTC_0c48d.dir/build.make CMakeFiles/cmTC_0c48d.dir/build
Building C object CMakeFiles/cmTC_0c48d.dir/CheckFunctionExists.c.o
/Applications/Xcode.app/Contents/Developer/Toolchains/XcodeDefault.xctoolchain/usr/bin/cc   -DCHECK_FUNCTION_EXISTS=setupterm   -o CMakeFiles/cmTC_0c48d.dir/CheckFunctionExists.c.o   -c /usr/local/Cellar/cmake/3.11.4/share/cmake/Modules/CheckFunctionExists.c
Linking C executable cmTC_0c48d
/usr/local/Cellar/cmake/3.11.4/bin/cmake -E cmake_link_script CMakeFiles/cmTC_0c48d.dir/link.txt --verbose=1
/Applications/Xcode.app/Contents/Developer/Toolchains/XcodeDefault.xctoolchain/usr/bin/cc  -DCHECK_FUNCTION_EXISTS=setupterm -Wl,-search_paths_first -Wl,-headerpad_max_install_names   CMakeFiles/cmTC_0c48d.dir/CheckFunctionExists.c.o  -o cmTC_0c48d -ltinfo -lm 
ld: library not found for -ltinfo
clang: error: linker command failed with exit code 1 (use -v to see invocation)
make[4]: *** [cmTC_0c48d] Error 1
make[3]: *** [cmTC_0c48d/fast] Error 2


Determining if the function setupterm exists in the terminfo failed with the following output:
Change Dir: /Users/dickyang/Desktop/Data/celesos.cdt/build/EosioClang-prefix/src/EosioClang-build/CMakeFiles/CMakeTmp

Run Build Command:"/usr/bin/make" "cmTC_a2f38/fast"
/Applications/Xcode.app/Contents/Developer/usr/bin/make -f CMakeFiles/cmTC_a2f38.dir/build.make CMakeFiles/cmTC_a2f38.dir/build
Building C object CMakeFiles/cmTC_a2f38.dir/CheckFunctionExists.c.o
/Applications/Xcode.app/Contents/Developer/Toolchains/XcodeDefault.xctoolchain/usr/bin/cc   -DCHECK_FUNCTION_EXISTS=setupterm   -o CMakeFiles/cmTC_a2f38.dir/CheckFunctionExists.c.o   -c /usr/local/Cellar/cmake/3.11.4/share/cmake/Modules/CheckFunctionExists.c
Linking C executable cmTC_a2f38
/usr/local/Cellar/cmake/3.11.4/bin/cmake -E cmake_link_script CMakeFiles/cmTC_a2f38.dir/link.txt --verbose=1
/Applications/Xcode.app/Contents/Developer/Toolchains/XcodeDefault.xctoolchain/usr/bin/cc  -DCHECK_FUNCTION_EXISTS=setupterm -Wl,-search_paths_first -Wl,-headerpad_max_install_names   CMakeFiles/cmTC_a2f38.dir/CheckFunctionExists.c.o  -o cmTC_a2f38 -lterminfo -lm 
ld: library not found for -lterminfo
clang: error: linker command failed with exit code 1 (use -v to see invocation)
make[4]: *** [cmTC_a2f38] Error 1
make[3]: *** [cmTC_a2f38/fast] Error 2


Determining if the posix_fallocate exist failed with the following output:
Change Dir: /Users/dickyang/Desktop/Data/celesos.cdt/build/EosioClang-prefix/src/EosioClang-build/CMakeFiles/CMakeTmp

Run Build Command:"/usr/bin/make" "cmTC_f0ca5/fast"
/Applications/Xcode.app/Contents/Developer/usr/bin/make -f CMakeFiles/cmTC_f0ca5.dir/build.make CMakeFiles/cmTC_f0ca5.dir/build
Building C object CMakeFiles/cmTC_f0ca5.dir/CheckSymbolExists.c.o
/Applications/Xcode.app/Contents/Developer/Toolchains/XcodeDefault.xctoolchain/usr/bin/cc   -Werror=unguarded-availability-new   -o CMakeFiles/cmTC_f0ca5.dir/CheckSymbolExists.c.o   -c /Users/dickyang/Desktop/Data/celesos.cdt/build/EosioClang-prefix/src/EosioClang-build/CMakeFiles/CMakeTmp/CheckSymbolExists.c
/Users/dickyang/Desktop/Data/celesos.cdt/build/EosioClang-prefix/src/EosioClang-build/CMakeFiles/CMakeTmp/CheckSymbolExists.c:8:19: error: use of undeclared identifier 'posix_fallocate'
  return ((int*)(&posix_fallocate))[argc];
                  ^
1 error generated.
make[4]: *** [CMakeFiles/cmTC_f0ca5.dir/CheckSymbolExists.c.o] Error 1
make[3]: *** [cmTC_f0ca5/fast] Error 2

File /Users/dickyang/Desktop/Data/celesos.cdt/build/EosioClang-prefix/src/EosioClang-build/CMakeFiles/CMakeTmp/CheckSymbolExists.c:
/* */
#include <fcntl.h>

int main(int argc, char** argv)
{
  (void)argv;
#ifndef posix_fallocate
  return ((int*)(&posix_fallocate))[argc];
#else
  (void)argc;
  return 0;
#endif
}

Determining if the lseek64 exist failed with the following output:
Change Dir: /Users/dickyang/Desktop/Data/celesos.cdt/build/EosioClang-prefix/src/EosioClang-build/CMakeFiles/CMakeTmp

Run Build Command:"/usr/bin/make" "cmTC_8a9ce/fast"
/Applications/Xcode.app/Contents/Developer/usr/bin/make -f CMakeFiles/cmTC_8a9ce.dir/build.make CMakeFiles/cmTC_8a9ce.dir/build
Building C object CMakeFiles/cmTC_8a9ce.dir/CheckSymbolExists.c.o
/Applications/Xcode.app/Contents/Developer/Toolchains/XcodeDefault.xctoolchain/usr/bin/cc -D_LARGEFILE64_SOURCE  -Werror=unguarded-availability-new   -o CMakeFiles/cmTC_8a9ce.dir/CheckSymbolExists.c.o   -c /Users/dickyang/Desktop/Data/celesos.cdt/build/EosioClang-prefix/src/EosioClang-build/CMakeFiles/CMakeTmp/CheckSymbolExists.c
/Users/dickyang/Desktop/Data/celesos.cdt/build/EosioClang-prefix/src/EosioClang-build/CMakeFiles/CMakeTmp/CheckSymbolExists.c:9:19: error: use of undeclared identifier 'lseek64'; did you mean 'lseek'?
  return ((int*)(&lseek64))[argc];
                  ^~~~~~~
                  lseek
/usr/include/unistd.h:464:8: note: 'lseek' declared here
off_t    lseek(int, off_t, int);
         ^
1 error generated.
make[4]: *** [CMakeFiles/cmTC_8a9ce.dir/CheckSymbolExists.c.o] Error 1
make[3]: *** [cmTC_8a9ce/fast] Error 2

File /Users/dickyang/Desktop/Data/celesos.cdt/build/EosioClang-prefix/src/EosioClang-build/CMakeFiles/CMakeTmp/CheckSymbolExists.c:
/* */
#include <sys/types.h>
#include <unistd.h>

int main(int argc, char** argv)
{
  (void)argv;
#ifndef lseek64
  return ((int*)(&lseek64))[argc];
#else
  (void)argc;
  return 0;
#endif
}

Determining if the mallctl exist failed with the following output:
Change Dir: /Users/dickyang/Desktop/Data/celesos.cdt/build/EosioClang-prefix/src/EosioClang-build/CMakeFiles/CMakeTmp

Run Build Command:"/usr/bin/make" "cmTC_07cd8/fast"
/Applications/Xcode.app/Contents/Developer/usr/bin/make -f CMakeFiles/cmTC_07cd8.dir/build.make CMakeFiles/cmTC_07cd8.dir/build
Building C object CMakeFiles/cmTC_07cd8.dir/CheckSymbolExists.c.o
/Applications/Xcode.app/Contents/Developer/Toolchains/XcodeDefault.xctoolchain/usr/bin/cc   -Werror=unguarded-availability-new   -o CMakeFiles/cmTC_07cd8.dir/CheckSymbolExists.c.o   -c /Users/dickyang/Desktop/Data/celesos.cdt/build/EosioClang-prefix/src/EosioClang-build/CMakeFiles/CMakeTmp/CheckSymbolExists.c
/Users/dickyang/Desktop/Data/celesos.cdt/build/EosioClang-prefix/src/EosioClang-build/CMakeFiles/CMakeTmp/CheckSymbolExists.c:2:10: fatal error: 'malloc_np.h' file not found
#include <malloc_np.h>
         ^~~~~~~~~~~~~
1 error generated.
make[4]: *** [CMakeFiles/cmTC_07cd8.dir/CheckSymbolExists.c.o] Error 1
make[3]: *** [cmTC_07cd8/fast] Error 2

File /Users/dickyang/Desktop/Data/celesos.cdt/build/EosioClang-prefix/src/EosioClang-build/CMakeFiles/CMakeTmp/CheckSymbolExists.c:
/* */
#include <malloc_np.h>

int main(int argc, char** argv)
{
  (void)argv;
#ifndef mallctl
  return ((int*)(&mallctl))[argc];
#else
  (void)argc;
  return 0;
#endif
}

Determining if the mallinfo exist failed with the following output:
Change Dir: /Users/dickyang/Desktop/Data/celesos.cdt/build/EosioClang-prefix/src/EosioClang-build/CMakeFiles/CMakeTmp

Run Build Command:"/usr/bin/make" "cmTC_4a23f/fast"
/Applications/Xcode.app/Contents/Developer/usr/bin/make -f CMakeFiles/cmTC_4a23f.dir/build.make CMakeFiles/cmTC_4a23f.dir/build
Building C object CMakeFiles/cmTC_4a23f.dir/CheckSymbolExists.c.o
/Applications/Xcode.app/Contents/Developer/Toolchains/XcodeDefault.xctoolchain/usr/bin/cc   -Werror=unguarded-availability-new   -o CMakeFiles/cmTC_4a23f.dir/CheckSymbolExists.c.o   -c /Users/dickyang/Desktop/Data/celesos.cdt/build/EosioClang-prefix/src/EosioClang-build/CMakeFiles/CMakeTmp/CheckSymbolExists.c
/Users/dickyang/Desktop/Data/celesos.cdt/build/EosioClang-prefix/src/EosioClang-build/CMakeFiles/CMakeTmp/CheckSymbolExists.c:2:10: fatal error: 'malloc.h' file not found
#include <malloc.h>
         ^~~~~~~~~~
1 error generated.
make[4]: *** [CMakeFiles/cmTC_4a23f.dir/CheckSymbolExists.c.o] Error 1
make[3]: *** [cmTC_4a23f/fast] Error 2

File /Users/dickyang/Desktop/Data/celesos.cdt/build/EosioClang-prefix/src/EosioClang-build/CMakeFiles/CMakeTmp/CheckSymbolExists.c:
/* */
#include <malloc.h>

int main(int argc, char** argv)
{
  (void)argv;
#ifndef mallinfo
  return ((int*)(&mallinfo))[argc];
#else
  (void)argc;
  return 0;
#endif
}

Determining if the strerror_s exist failed with the following output:
Change Dir: /Users/dickyang/Desktop/Data/celesos.cdt/build/EosioClang-prefix/src/EosioClang-build/CMakeFiles/CMakeTmp

Run Build Command:"/usr/bin/make" "cmTC_24bf8/fast"
/Applications/Xcode.app/Contents/Developer/usr/bin/make -f CMakeFiles/cmTC_24bf8.dir/build.make CMakeFiles/cmTC_24bf8.dir/build
Building C object CMakeFiles/cmTC_24bf8.dir/CheckSymbolExists.c.o
/Applications/Xcode.app/Contents/Developer/Toolchains/XcodeDefault.xctoolchain/usr/bin/cc   -Werror=unguarded-availability-new   -o CMakeFiles/cmTC_24bf8.dir/CheckSymbolExists.c.o   -c /Users/dickyang/Desktop/Data/celesos.cdt/build/EosioClang-prefix/src/EosioClang-build/CMakeFiles/CMakeTmp/CheckSymbolExists.c
/Users/dickyang/Desktop/Data/celesos.cdt/build/EosioClang-prefix/src/EosioClang-build/CMakeFiles/CMakeTmp/CheckSymbolExists.c:8:19: error: use of undeclared identifier 'strerror_s'; did you mean 'strerror_r'?
  return ((int*)(&strerror_s))[argc];
                  ^~~~~~~~~~
                  strerror_r
/usr/include/string.h:116:6: note: 'strerror_r' declared here
int      strerror_r(int __errnum, char *__strerrbuf, size_t __buflen);
         ^
1 error generated.
make[4]: *** [CMakeFiles/cmTC_24bf8.dir/CheckSymbolExists.c.o] Error 1
make[3]: *** [cmTC_24bf8/fast] Error 2

File /Users/dickyang/Desktop/Data/celesos.cdt/build/EosioClang-prefix/src/EosioClang-build/CMakeFiles/CMakeTmp/CheckSymbolExists.c:
/* */
#include <string.h>

int main(int argc, char** argv)
{
  (void)argv;
#ifndef strerror_s
  return ((int*)(&strerror_s))[argc];
#else
  (void)argc;
  return 0;
#endif
}

Determining if the __GLIBC__ exist failed with the following output:
Change Dir: /Users/dickyang/Desktop/Data/celesos.cdt/build/EosioClang-prefix/src/EosioClang-build/CMakeFiles/CMakeTmp

Run Build Command:"/usr/bin/make" "cmTC_0f4c5/fast"
/Applications/Xcode.app/Contents/Developer/usr/bin/make -f CMakeFiles/cmTC_0f4c5.dir/build.make CMakeFiles/cmTC_0f4c5.dir/build
Building C object CMakeFiles/cmTC_0f4c5.dir/CheckSymbolExists.c.o
/Applications/Xcode.app/Contents/Developer/Toolchains/XcodeDefault.xctoolchain/usr/bin/cc   -Werror=unguarded-availability-new   -o CMakeFiles/cmTC_0f4c5.dir/CheckSymbolExists.c.o   -c /Users/dickyang/Desktop/Data/celesos.cdt/build/EosioClang-prefix/src/EosioClang-build/CMakeFiles/CMakeTmp/CheckSymbolExists.c
/Users/dickyang/Desktop/Data/celesos.cdt/build/EosioClang-prefix/src/EosioClang-build/CMakeFiles/CMakeTmp/CheckSymbolExists.c:8:19: error: use of undeclared identifier '__GLIBC__'
  return ((int*)(&__GLIBC__))[argc];
                  ^
1 error generated.
make[4]: *** [CMakeFiles/cmTC_0f4c5.dir/CheckSymbolExists.c.o] Error 1
make[3]: *** [cmTC_0f4c5/fast] Error 2

File /Users/dickyang/Desktop/Data/celesos.cdt/build/EosioClang-prefix/src/EosioClang-build/CMakeFiles/CMakeTmp/CheckSymbolExists.c:
/* */
#include <stdio.h>

int main(int argc, char** argv)
{
  (void)argv;
#ifndef __GLIBC__
  return ((int*)(&__GLIBC__))[argc];
#else
  (void)argc;
  return 0;
#endif
}

Determining if the sched_getaffinity exist failed with the following output:
Change Dir: /Users/dickyang/Desktop/Data/celesos.cdt/build/EosioClang-prefix/src/EosioClang-build/CMakeFiles/CMakeTmp

Run Build Command:"/usr/bin/make" "cmTC_ccc01/fast"
/Applications/Xcode.app/Contents/Developer/usr/bin/make -f CMakeFiles/cmTC_ccc01.dir/build.make CMakeFiles/cmTC_ccc01.dir/build
Building C object CMakeFiles/cmTC_ccc01.dir/CheckSymbolExists.c.o
/Applications/Xcode.app/Contents/Developer/Toolchains/XcodeDefault.xctoolchain/usr/bin/cc   -Werror=unguarded-availability-new   -o CMakeFiles/cmTC_ccc01.dir/CheckSymbolExists.c.o   -c /Users/dickyang/Desktop/Data/celesos.cdt/build/EosioClang-prefix/src/EosioClang-build/CMakeFiles/CMakeTmp/CheckSymbolExists.c
/Users/dickyang/Desktop/Data/celesos.cdt/build/EosioClang-prefix/src/EosioClang-build/CMakeFiles/CMakeTmp/CheckSymbolExists.c:8:19: error: use of undeclared identifier 'sched_getaffinity'
  return ((int*)(&sched_getaffinity))[argc];
                  ^
1 error generated.
make[4]: *** [CMakeFiles/cmTC_ccc01.dir/CheckSymbolExists.c.o] Error 1
make[3]: *** [cmTC_ccc01/fast] Error 2

File /Users/dickyang/Desktop/Data/celesos.cdt/build/EosioClang-prefix/src/EosioClang-build/CMakeFiles/CMakeTmp/CheckSymbolExists.c:
/* */
#include <sched.h>

int main(int argc, char** argv)
{
  (void)argv;
#ifndef sched_getaffinity
  return ((int*)(&sched_getaffinity))[argc];
#else
  (void)argc;
  return 0;
#endif
}

Determining if the CPU_COUNT exist failed with the following output:
Change Dir: /Users/dickyang/Desktop/Data/celesos.cdt/build/EosioClang-prefix/src/EosioClang-build/CMakeFiles/CMakeTmp

Run Build Command:"/usr/bin/make" "cmTC_7fad9/fast"
/Applications/Xcode.app/Contents/Developer/usr/bin/make -f CMakeFiles/cmTC_7fad9.dir/build.make CMakeFiles/cmTC_7fad9.dir/build
Building C object CMakeFiles/cmTC_7fad9.dir/CheckSymbolExists.c.o
/Applications/Xcode.app/Contents/Developer/Toolchains/XcodeDefault.xctoolchain/usr/bin/cc   -Werror=unguarded-availability-new   -o CMakeFiles/cmTC_7fad9.dir/CheckSymbolExists.c.o   -c /Users/dickyang/Desktop/Data/celesos.cdt/build/EosioClang-prefix/src/EosioClang-build/CMakeFiles/CMakeTmp/CheckSymbolExists.c
/Users/dickyang/Desktop/Data/celesos.cdt/build/EosioClang-prefix/src/EosioClang-build/CMakeFiles/CMakeTmp/CheckSymbolExists.c:8:19: error: use of undeclared identifier 'CPU_COUNT'
  return ((int*)(&CPU_COUNT))[argc];
                  ^
1 error generated.
make[4]: *** [CMakeFiles/cmTC_7fad9.dir/CheckSymbolExists.c.o] Error 1
make[3]: *** [cmTC_7fad9/fast] Error 2

File /Users/dickyang/Desktop/Data/celesos.cdt/build/EosioClang-prefix/src/EosioClang-build/CMakeFiles/CMakeTmp/CheckSymbolExists.c:
/* */
#include <sched.h>

int main(int argc, char** argv)
{
  (void)argv;
#ifndef CPU_COUNT
  return ((int*)(&CPU_COUNT))[argc];
#else
  (void)argc;
  return 0;
#endif
}

